::1 - - [07/Apr/2024:09:25:56 +0000] "GET /api/registrer HTTP/1.1" 404 152
::1 - - [07/Apr/2024:09:26:10 +0000] "GET /api/register HTTP/1.1" 404 151
::1 - - [07/Apr/2024:09:27:57 +0000] "GET /api/register HTTP/1.1" 404 151
::1 - - [07/Apr/2024:12:59:35 +0000] "GET /api/register HTTP/1.1" 404 151
::1 - - [07/Apr/2024:13:00:40 +0000] "POST /api/register HTTP/1.1" 401 81
::1 - - [07/Apr/2024:13:02:37 +0000] "POST /api/register HTTP/1.1" 401 72
::1 - - [07/Apr/2024:13:04:05 +0000] "POST /api/register HTTP/1.1" 401 72
::1 - - [07/Apr/2024:13:05:16 +0000] "POST /api/register HTTP/1.1" 401 72
::1 - - [07/Apr/2024:17:31:45 +0000] "POST /api/register HTTP/1.1" 401 72
::1 - - [07/Apr/2024:17:33:02 +0000] "POST /api/register HTTP/1.1" 401 66
::1 - - [07/Apr/2024:17:34:42 +0000] "POST /api/register HTTP/1.1" 401 138
::1 - - [07/Apr/2024:17:41:18 +0000] "GET /api/login HTTP/1.1" 401 82
::1 - - [07/Apr/2024:17:42:25 +0000] "GET /api/login HTTP/1.1" 401 29
::1 - - [07/Apr/2024:17:44:31 +0000] "GET /api/login HTTP/1.1" 401 29
::1 - - [07/Apr/2024:17:46:04 +0000] "GET /api/login HTTP/1.1" 401 29
::1 - - [07/Apr/2024:17:46:16 +0000] "GET /api/login HTTP/1.1" 401 29
::1 - - [07/Apr/2024:17:46:47 +0000] "GET /api/login HTTP/1.1" 401 47
::1 - - [07/Apr/2024:17:49:02 +0000] "GET /api/login HTTP/1.1" 401 29
::1 - - [07/Apr/2024:17:50:26 +0000] "GET /api/login HTTP/1.1" 401 47
::1 - - [07/Apr/2024:17:50:38 +0000] "GET /api/login HTTP/1.1" 401 54
::1 - - [07/Apr/2024:17:50:53 +0000] "GET /api/login HTTP/1.1" 401 60
::1 - - [07/Apr/2024:17:51:04 +0000] "GET /api/login HTTP/1.1" 401 47
::1 - - [07/Apr/2024:17:51:10 +0000] "GET /api/login HTTP/1.1" 200 247
::1 - - [07/Apr/2024:17:51:43 +0000] "GET /api/login HTTP/1.1" 200 247
::1 - - [07/Apr/2024:17:51:52 +0000] "GET /api/login HTTP/1.1" 200 247
::1 - - [07/Apr/2024:18:24:59 +0000] "POST /api/file/upload HTTP/1.1" 401 29
::1 - - [07/Apr/2024:18:25:16 +0000] "POST /api/file/upload/something HTTP/1.1" 404 165
